<?xml version="1.0" encoding="UTF-8"?>
<testsuite xmlns:xsi="http://www.w3.org/2001/XMLSchema-instance" xsi:noNamespaceSchemaLocation="https://maven.apache.org/surefire/maven-surefire-plugin/xsd/surefire-test-report-3.0.xsd" version="3.0" name="com.luv2code.junitdemo.DemoUtilsTest" time="2.14" tests="10" errors="0" skipped="0" failures="0">
  <properties>
[...]
</properties>
  <testcase name="True or False" classname="com.luv2code.junitdemo.DemoUtilsTest" time="0.031">
    <system-out><![CDATA[@BeforeAll runs before all of the test methods

@BeforeEach runs before every test method
@AfterEach runs after every test method

]]></system-out>
  </testcase>
  <testcase name="test_Equals_And_NotEquals" classname="com.luv2code.junitdemo.DemoUtilsTest" time="0">
    <system-out><![CDATA[@BeforeEach runs before every test method
inside Test: testEqualsAndNotEquals
@AfterEach runs after every test method

]]></system-out>
  </testcase>
  <testcase name="Timeout" classname="com.luv2code.junitdemo.DemoUtilsTest" time="2.029">
    <system-out><![CDATA[@BeforeEach runs before every test method
I am going to sleep
Sleeping over
@AfterEach runs after every test method

]]></system-out>
  </testcase>
  <testcase name="Throws and Does Not Throw" classname="com.luv2code.junitdemo.DemoUtilsTest" time="0">
    <system-out><![CDATA[@BeforeEach runs before every test method
@AfterEach runs after every test method

]]></system-out>
  </testcase>
  <testcase name="test Same And NotSame" classname="com.luv2code.junitdemo.DemoUtilsTest" time="0">
    <system-out><![CDATA[@BeforeEach runs before every test method
@AfterEach runs after every test method

]]></system-out>
  </testcase>
  <testcase name="Array Equals" classname="com.luv2code.junitdemo.DemoUtilsTest" time="0.017">
    <system-out><![CDATA[@BeforeEach runs before every test method
@AfterEach runs after every test method

]]></system-out>
  </testcase>
  <testcase name="Lines Match" classname="com.luv2code.junitdemo.DemoUtilsTest" time="0.014">
    <system-out><![CDATA[@BeforeEach runs before every test method
@AfterEach runs after every test method

]]></system-out>
  </testcase>
  <testcase name="test_Null_And_NotNull" classname="com.luv2code.junitdemo.DemoUtilsTest" time="0">
    <system-out><![CDATA[@BeforeEach runs before every test method
inside Test: testNullAndNotNull
@AfterEach runs after every test method

]]></system-out>
  </testcase>
  <testcase name="Iterable Equals" classname="com.luv2code.junitdemo.DemoUtilsTest" time="0">
    <system-out><![CDATA[@BeforeEach runs before every test method
@AfterEach runs after every test method

]]></system-out>
  </testcase>
  <testcase name="Multiply" classname="com.luv2code.junitdemo.DemoUtilsTest" time="0">
    <system-out><![CDATA[@BeforeEach runs before every test method
@AfterEach runs after every test method

]]></system-out>
  </testcase>
</testsuite>